<?xml version="1.0" encoding="UTF-8"?>
<!-- Generated by org.testng.reporters.JUnitXMLReporter -->
<testsuite hostname="Admin-PC" ignored="0" name="Default test" tests="3" failures="0" timestamp="21 May 2019 12:56:44 GMT" time="357.939" errors="0">
  <testcase name="verifygetEditBillingAddressPageURL" time="0.022" classname="com.testcases.EditBillinAddressPageTest"/>
  <testcase name="verifyeditAddressInfo" time="4.473" classname="com.testcases.EditBillinAddressPageTest"/>
  <testcase name="verifyeditAddressInfo" time="22.589" classname="com.testcases.EditBillinAddressPageTest"/>
</testsuite> <!-- Default test -->
