<?xml version="1.0" encoding="UTF-8"?>
<!-- Generated by org.testng.reporters.JUnitXMLReporter -->
<testsuite hostname="Admin-PC" ignored="0" name="DashboardPageTest" tests="2" failures="0" timestamp="21 May 2019 13:47:25 GMT" time="164.899" errors="0">
  <testcase name="verifygetDashboardCurrentURL" time="1.264" classname="com.testcases.DashboardPageTest"/>
  <testcase name="verifyclickOnEditAddressLink" time="8.68" classname="com.testcases.DashboardPageTest"/>
</testsuite> <!-- DashboardPageTest -->
