<?xml version="1.0" encoding="UTF-8"?>
<!-- Generated by org.testng.reporters.JUnitXMLReporter -->
<testsuite hostname="Admin-PC" ignored="0" name="EditBillinAddressPageTest" tests="3" failures="0" timestamp="21 May 2019 13:52:11 GMT" time="286.065" errors="0">
  <testcase name="verifygetEditBillingAddressPageURL" time="0.382" classname="com.testcases.EditBillinAddressPageTest"/>
  <testcase name="verifyeditAddressInfo" time="23.143" classname="com.testcases.EditBillinAddressPageTest"/>
  <testcase name="verifyeditAddressInfo" time="5.39" classname="com.testcases.EditBillinAddressPageTest"/>
</testsuite> <!-- EditBillinAddressPageTest -->
