<?xml version="1.0" encoding="UTF-8"?>
<!-- Generated by org.testng.reporters.JUnitXMLReporter -->
<testsuite hostname="Admin-PC" ignored="0" name="LoginPageTest" tests="2" failures="1" timestamp="06 Jun 2019 09:07:40 GMT" time="56.609" errors="0">
  <testcase name="verifyLoginPageTitle" time="0.054" classname="com.testcases.LoginPageTest">
    <failure type="java.lang.AssertionError" message="Login Page Title Not Verified expected [My Account � Automation Practice Site] but found [My Account – Automation Practice Site]">
      <![CDATA[java.lang.AssertionError: Login Page Title Not Verified expected [My Account � Automation Practice Site] but found [My Account – Automation Practice Site]
at com.testcases.LoginPageTest.verifyLoginPageTitle(LoginPageTest.java:53)
... Removed 30 stack frames]]>
    </failure>
  </testcase> <!-- verifyLoginPageTitle -->
  <testcase name="verifyLoginPageLogin" time="6.178" classname="com.testcases.LoginPageTest"/>
</testsuite> <!-- LoginPageTest -->
